  BlendState.cpp
  Camera.cpp
  Component.cpp
  ConstantBuffer.cpp
  Game.cpp
  GameCoding.cpp
  GameObject.cpp
  Geometry.cpp
  GeometryHelper.cpp
  Graphics.cpp
  IndexBuffer.cpp
  InputLayout.cpp
  MonoBehaviour.cpp
  Pipeline.cpp
  RasterizerState.cpp
  SamplerState.cpp
  Transform.cpp
C:\Users\박규현\Desktop\Rookiss_DirectX11\D3DPractice\GameCoding\Transform.cpp(30,23): warning C4244: '=': 'double'에서 'float'(으)로 변환하면서 데이터가 손실될 수 있습니다.
C:\Users\박규현\Desktop\Rookiss_DirectX11\D3DPractice\GameCoding\Transform.cpp(35,40): warning C4244: '=': 'double'에서 'float'(으)로 변환하면서 데이터가 손실될 수 있습니다.
C:\Users\박규현\Desktop\Rookiss_DirectX11\D3DPractice\GameCoding\Transform.cpp(40,23): warning C4244: '=': 'double'에서 'float'(으)로 변환하면서 데이터가 손실될 수 있습니다.
  VertexBuffer.cpp
  VertexData.cpp
  코드를 생성하고 있습니다...
DirectXTex_debug.lib(DirectXTexImage.obj) : warning LNK4099: 'DirectXTex.pdb' PDB를 'DirectXTex_debug.lib(DirectXTexImage.obj)' 또는 'C:\Users\박규현\Desktop\Rookiss_DirectX11\D3DPractice\Binaries\DirectXTex.pdb'에서 찾을 수 없습니다. 디버그 정보가 없는 것처럼 개체를 링크합니다.
DirectXTex_debug.lib(DirectXTexWIC.obj) : warning LNK4099: 'DirectXTex.pdb' PDB를 'DirectXTex_debug.lib(DirectXTexWIC.obj)' 또는 'C:\Users\박규현\Desktop\Rookiss_DirectX11\D3DPractice\Binaries\DirectXTex.pdb'에서 찾을 수 없습니다. 디버그 정보가 없는 것처럼 개체를 링크합니다.
DirectXTex_debug.lib(DirectXTexD3D11.obj) : warning LNK4099: 'DirectXTex.pdb' PDB를 'DirectXTex_debug.lib(DirectXTexD3D11.obj)' 또는 'C:\Users\박규현\Desktop\Rookiss_DirectX11\D3DPractice\Binaries\DirectXTex.pdb'에서 찾을 수 없습니다. 디버그 정보가 없는 것처럼 개체를 링크합니다.
DirectXTex_debug.lib(DirectXTexUtil.obj) : warning LNK4099: 'DirectXTex.pdb' PDB를 'DirectXTex_debug.lib(DirectXTexUtil.obj)' 또는 'C:\Users\박규현\Desktop\Rookiss_DirectX11\D3DPractice\Binaries\DirectXTex.pdb'에서 찾을 수 없습니다. 디버그 정보가 없는 것처럼 개체를 링크합니다.
DirectXTex_debug.lib(DirectXTexConvert.obj) : warning LNK4099: 'DirectXTex.pdb' PDB를 'DirectXTex_debug.lib(DirectXTexConvert.obj)' 또는 'C:\Users\박규현\Desktop\Rookiss_DirectX11\D3DPractice\Binaries\DirectXTex.pdb'에서 찾을 수 없습니다. 디버그 정보가 없는 것처럼 개체를 링크합니다.
DirectXTex_debug.lib(DirectXTexMipMaps.obj) : warning LNK4099: 'DirectXTex.pdb' PDB를 'DirectXTex_debug.lib(DirectXTexMipMaps.obj)' 또는 'C:\Users\박규현\Desktop\Rookiss_DirectX11\D3DPractice\Binaries\DirectXTex.pdb'에서 찾을 수 없습니다. 디버그 정보가 없는 것처럼 개체를 링크합니다.
DirectXTex_debug.lib(DirectXTexCompress.obj) : warning LNK4099: 'DirectXTex.pdb' PDB를 'DirectXTex_debug.lib(DirectXTexCompress.obj)' 또는 'C:\Users\박규현\Desktop\Rookiss_DirectX11\D3DPractice\Binaries\DirectXTex.pdb'에서 찾을 수 없습니다. 디버그 정보가 없는 것처럼 개체를 링크합니다.
DirectXTex_debug.lib(BC.obj) : warning LNK4099: 'DirectXTex.pdb' PDB를 'DirectXTex_debug.lib(BC.obj)' 또는 'C:\Users\박규현\Desktop\Rookiss_DirectX11\D3DPractice\Binaries\DirectXTex.pdb'에서 찾을 수 없습니다. 디버그 정보가 없는 것처럼 개체를 링크합니다.
DirectXTex_debug.lib(BC4BC5.obj) : warning LNK4099: 'DirectXTex.pdb' PDB를 'DirectXTex_debug.lib(BC4BC5.obj)' 또는 'C:\Users\박규현\Desktop\Rookiss_DirectX11\D3DPractice\Binaries\DirectXTex.pdb'에서 찾을 수 없습니다. 디버그 정보가 없는 것처럼 개체를 링크합니다.
DirectXTex_debug.lib(BC6HBC7.obj) : warning LNK4099: 'DirectXTex.pdb' PDB를 'DirectXTex_debug.lib(BC6HBC7.obj)' 또는 'C:\Users\박규현\Desktop\Rookiss_DirectX11\D3DPractice\Binaries\DirectXTex.pdb'에서 찾을 수 없습니다. 디버그 정보가 없는 것처럼 개체를 링크합니다.
  GameCoding.vcxproj -> C:\Users\박규현\Desktop\Rookiss_DirectX11\D3DPractice\Binaries\GameCoding.exe
